# JRE version: OpenJDK Runtime Environment Corretto-17.0.12.7.1 (17.0.12+7) (build 17.0.12+7-LTS)
# Java VM: OpenJDK 64-Bit Server VM Corretto-17.0.12.7.1 (17.0.12+7-LTS, mixed mode, sharing, tiered, compressed oops, compressed class ptrs, g1 gc, windows-amd64)
GC Precious Log:
 CPUs: 4 total, 4 available
 Memory: 8083M
 Large Page Support: Disabled
 NUMA Support: Disabled
 Compressed Oops: Enabled (32-bit)
 Heap Region Size: 1M
 Heap Min Capacity: 8M
 Heap Initial Capacity: 128M
 Heap Max Capacity: 2022M
 Pre-touch: Disabled
 Parallel Workers: 4
 Concurrent Workers: 1
 Concurrent Refinement Workers: 4
 Periodic GC: Disabled
Heap:
 garbage-first heap   total 98304K, used 77967K [0x0000000081a00000, 0x0000000100000000)
  region size 1024K, 39 young (39936K), 6 survivors (6144K)
 Metaspace       used 84087K, committed 84800K, reserved 1179648K
  class space    used 11484K, committed 11840K, reserved 1048576K
GC Heap History (20 events):
Event: 14.262 GC heap before
{Heap before GC invocations=14 (full 0):
 garbage-first heap   total 58368K, used 42985K [0x0000000081a00000, 0x0000000100000000)
  region size 1024K, 20 young (20480K), 1 survivors (1024K)
 Metaspace       used 47337K, committed 47744K, reserved 1114112K
  class space    used 6199K, committed 6400K, reserved 1048576K
}
Event: 14.266 GC heap after
{Heap after GC invocations=15 (full 0):
 garbage-first heap   total 98304K, used 25506K [0x0000000081a00000, 0x0000000100000000)
  region size 1024K, 2 young (2048K), 2 survivors (2048K)
 Metaspace       used 47337K, committed 47744K, reserved 1114112K
  class space    used 6199K, committed 6400K, reserved 1048576K
}
Event: 16.947 GC heap before
{Heap before GC invocations=15 (full 0):
 garbage-first heap   total 98304K, used 72610K [0x0000000081a00000, 0x0000000100000000)
  region size 1024K, 48 young (49152K), 2 survivors (2048K)
 Metaspace       used 58746K, committed 59264K, reserved 1114112K
  class space    used 7893K, committed 8128K, reserved 1048576K
}
Event: 16.955 GC heap after
{Heap after GC invocations=16 (full 0):
 garbage-first heap   total 98304K, used 27834K [0x0000000081a00000, 0x0000000100000000)
  region size 1024K, 4 young (4096K), 4 survivors (4096K)
 Metaspace       used 58746K, committed 59264K, reserved 1114112K
  class space    used 7893K, committed 8128K, reserved 1048576K
}
Event: 17.533 GC heap before
{Heap before GC invocations=16 (full 0):
 garbage-first heap   total 98304K, used 46266K [0x0000000081a00000, 0x0000000100000000)
  region size 1024K, 23 young (23552K), 4 survivors (4096K)
 Metaspace       used 60067K, committed 60480K, reserved 1114112K
  class space    used 8058K, committed 8256K, reserved 1048576K
}
Event: 17.542 GC heap after
{Heap after GC invocations=17 (full 0):
 garbage-first heap   total 98304K, used 28070K [0x0000000081a00000, 0x0000000100000000)
  region size 1024K, 4 young (4096K), 4 survivors (4096K)
 Metaspace       used 60067K, committed 60480K, reserved 1114112K
  class space    used 8058K, committed 8256K, reserved 1048576K
}
Event: 19.488 GC heap before
{Heap before GC invocations=18 (full 0):
 garbage-first heap   total 98304K, used 76198K [0x0000000081a00000, 0x0000000100000000)
  region size 1024K, 51 young (52224K), 4 survivors (4096K)
 Metaspace       used 68446K, committed 69056K, reserved 1114112K
  class space    used 9485K, committed 9792K, reserved 1048576K
}
Event: 19.503 GC heap after
{Heap after GC invocations=19 (full 0):
 garbage-first heap   total 98304K, used 32625K [0x0000000081a00000, 0x0000000100000000)
  region size 1024K, 7 young (7168K), 7 survivors (7168K)
 Metaspace       used 68446K, committed 69056K, reserved 1114112K
  class space    used 9485K, committed 9792K, reserved 1048576K
}
Event: 19.513 GC heap before
{Heap before GC invocations=19 (full 0):
 garbage-first heap   total 98304K, used 33649K [0x0000000081a00000, 0x0000000100000000)
  region size 1024K, 8 young (8192K), 7 survivors (7168K)
 Metaspace       used 68449K, committed 69056K, reserved 1114112K
  class space    used 9485K, committed 9792K, reserved 1048576K
}
Event: 19.526 GC heap after
{Heap after GC invocations=20 (full 0):
 garbage-first heap   total 98304K, used 32962K [0x0000000081a00000, 0x0000000100000000)
  region size 1024K, 1 young (1024K), 1 survivors (1024K)
 Metaspace       used 68449K, committed 69056K, reserved 1114112K
  class space    used 9485K, committed 9792K, reserved 1048576K
}
Event: 20.656 GC heap before
{Heap before GC invocations=20 (full 0):
 garbage-first heap   total 98304K, used 74946K [0x0000000081a00000, 0x0000000100000000)
  region size 1024K, 43 young (44032K), 1 survivors (1024K)
 Metaspace       used 71818K, committed 72384K, reserved 1114112K
  class space    used 9928K, committed 10176K, reserved 1048576K
}
Event: 20.664 GC heap after
{Heap after GC invocations=21 (full 0):
 garbage-first heap   total 98304K, used 35658K [0x0000000081a00000, 0x0000000100000000)
  region size 1024K, 4 young (4096K), 4 survivors (4096K)
 Metaspace       used 71818K, committed 72384K, reserved 1114112K
  class space    used 9928K, committed 10176K, reserved 1048576K
}
Event: 21.439 GC heap before
{Heap before GC invocations=22 (full 0):
 garbage-first heap   total 98304K, used 76618K [0x0000000081a00000, 0x0000000100000000)
  region size 1024K, 44 young (45056K), 4 survivors (4096K)
 Metaspace       used 72051K, committed 72640K, reserved 1114112K
  class space    used 9958K, committed 10240K, reserved 1048576K
}
Event: 21.447 GC heap after
{Heap after GC invocations=23 (full 0):
 garbage-first heap   total 98304K, used 36750K [0x0000000081a00000, 0x0000000100000000)
  region size 1024K, 2 young (2048K), 2 survivors (2048K)
 Metaspace       used 72051K, committed 72640K, reserved 1114112K
  class space    used 9958K, committed 10240K, reserved 1048576K
}
Event: 22.807 GC heap before
{Heap before GC invocations=23 (full 0):
 garbage-first heap   total 98304K, used 77710K [0x0000000081a00000, 0x0000000100000000)
  region size 1024K, 42 young (43008K), 2 survivors (2048K)
 Metaspace       used 75378K, committed 75968K, reserved 1179648K
  class space    used 10398K, committed 10688K, reserved 1048576K
}
Event: 22.817 GC heap after
{Heap after GC invocations=24 (full 0):
 garbage-first heap   total 98304K, used 39394K [0x0000000081a00000, 0x0000000100000000)
  region size 1024K, 5 young (5120K), 5 survivors (5120K)
 Metaspace       used 75378K, committed 75968K, reserved 1179648K
  class space    used 10398K, committed 10688K, reserved 1048576K
}
Event: 24.108 GC heap before
{Heap before GC invocations=24 (full 0):
 garbage-first heap   total 98304K, used 78306K [0x0000000081a00000, 0x0000000100000000)
  region size 1024K, 43 young (44032K), 5 survivors (5120K)
 Metaspace       used 78364K, committed 78976K, reserved 1179648K
  class space    used 10795K, committed 11072K, reserved 1048576K
}
Event: 24.122 GC heap after
{Heap after GC invocations=25 (full 0):
 garbage-first heap   total 98304K, used 42280K [0x0000000081a00000, 0x0000000100000000)
  region size 1024K, 6 young (6144K), 6 survivors (6144K)
 Metaspace       used 78364K, committed 78976K, reserved 1179648K
  class space    used 10795K, committed 11072K, reserved 1048576K
}
Event: 64.453 GC heap before
{Heap before GC invocations=25 (full 0):
 garbage-first heap   total 98304K, used 79144K [0x0000000081a00000, 0x0000000100000000)
  region size 1024K, 42 young (43008K), 6 survivors (6144K)
 Metaspace       used 82952K, committed 83648K, reserved 1179648K
  class space    used 11422K, committed 11776K, reserved 1048576K
}
Event: 64.468 GC heap after
{Heap after GC invocations=26 (full 0):
 garbage-first heap   total 98304K, used 45199K [0x0000000081a00000, 0x0000000100000000)
  region size 1024K, 6 young (6144K), 6 survivors (6144K)
 Metaspace       used 82952K, committed 83648K, reserved 1179648K
  class space    used 11422K, committed 11776K, reserved 1048576K
}

